<?xml version="1.0" encoding="UTF-8"?>
<testsuite xmlns:xsi="http://www.w3.org/2001/XMLSchema-instance" xsi:noNamespaceSchemaLocation="https://maven.apache.org/surefire/maven-surefire-plugin/xsd/surefire-test-report-3.0.xsd" version="3.0" name="com.example.demo.DemoApplicationTests" time="2.226" tests="1" errors="0" skipped="0" failures="0">
  <properties>
[...]
</properties>
  <testcase name="contextLoads" classname="com.example.demo.DemoApplicationTests" time="0.403">
    <system-out><![CDATA[Standard Commons Logging discovery in action with spring-jcl: please remove commons-logging.jar from classpath in order to avoid potential conflicts
10:49:19.075 [main] INFO org.springframework.test.context.support.AnnotationConfigContextLoaderUtils -- Could not detect default configuration classes for test class [com.example.demo.DemoApplicationTests]: DemoApplicationTests does not declare any static, non-private, non-final, nested classes annotated with @Configuration.
10:49:19.126 [main] INFO org.springframework.boot.test.context.SpringBootTestContextBootstrapper -- Found @SpringBootConfiguration com.example.demo.DemoApplication for test class com.example.demo.DemoApplicationTests

  .   ____          _            __ _ _
 /\\ / ___'_ __ _ _(_)_ __  __ _ \ \ \ \
( ( )\___ | '_ | '_| | '_ \/ _` | \ \ \ \
 \\/  ___)| |_)| | | | | || (_| |  ) ) ) )
  '  |____| .__|_| |_|_| |_\__, | / / / /
 =========|_|==============|___/=/_/_/_/
&amp#27;[32m :: Spring Boot :: &amp#27;[39m              &amp#27;[2m (v3.2.4)&amp#27;[0;39m

&amp#27;[2m2024-06-28T10:49:19.368+02:00&amp#27;[0;39m &amp#27;[32m INFO&amp#27;[0;39m &amp#27;[35m84884&amp#27;[0;39m &amp#27;[2m---&amp#27;[0;39m &amp#27;[2m[demo] [           main]&amp#27;[0;39m &amp#27;[2m&amp#27;[0;39m&amp#27;[36mcom.example.demo.DemoApplicationTests   &amp#27;[0;39m &amp#27;[2m:&amp#27;[0;39m Starting DemoApplicationTests using Java 22.0.1 with PID 84884 (started by william.marcq in /Users/william.marcq/Projects/camunda-docusign-walkthrough)
&amp#27;[2m2024-06-28T10:49:19.369+02:00&amp#27;[0;39m &amp#27;[32m INFO&amp#27;[0;39m &amp#27;[35m84884&amp#27;[0;39m &amp#27;[2m---&amp#27;[0;39m &amp#27;[2m[demo] [           main]&amp#27;[0;39m &amp#27;[2m&amp#27;[0;39m&amp#27;[36mcom.example.demo.DemoApplicationTests   &amp#27;[0;39m &amp#27;[2m:&amp#27;[0;39m No active profile set, falling back to 1 default profile: "default"
&amp#27;[2m2024-06-28T10:49:19.794+02:00&amp#27;[0;39m &amp#27;[33m WARN&amp#27;[0;39m &amp#27;[35m84884&amp#27;[0;39m &amp#27;[2m---&amp#27;[0;39m &amp#27;[2m[demo] [           main]&amp#27;[0;39m &amp#27;[2m&amp#27;[0;39m&amp#27;[36mtrationDelegate$BeanPostProcessorChecker&amp#27;[0;39m &amp#27;[2m:&amp#27;[0;39m Bean 'io.camunda.zeebe.spring.client.annotation.processor.AnnotationProcessorConfiguration' of type [io.camunda.zeebe.spring.client.annotation.processor.AnnotationProcessorConfiguration] is not eligible for getting processed by all BeanPostProcessors (for example: not eligible for auto-proxying). The currently created BeanPostProcessor [zeebeAnnotationProcessorRegistry] is declared through a non-static factory method on that class; consider declaring it as static instead.
&amp#27;[2m2024-06-28T10:49:19.795+02:00&amp#27;[0;39m &amp#27;[33m WARN&amp#27;[0;39m &amp#27;[35m84884&amp#27;[0;39m &amp#27;[2m---&amp#27;[0;39m &amp#27;[2m[demo] [           main]&amp#27;[0;39m &amp#27;[2m&amp#27;[0;39m&amp#27;[36mtrationDelegate$BeanPostProcessorChecker&amp#27;[0;39m &amp#27;[2m:&amp#27;[0;39m Bean 'io.camunda.connector.runtime.outbound.OutboundConnectorRuntimeConfiguration' of type [io.camunda.connector.runtime.outbound.OutboundConnectorRuntimeConfiguration$$SpringCGLIB$$0] is not eligible for getting processed by all BeanPostProcessors (for example: not eligible for auto-proxying). Is this bean getting eagerly injected into a currently created BeanPostProcessor [zeebeAnnotationProcessorRegistry]? Check the corresponding BeanPostProcessor declaration and its dependencies.
&amp#27;[2m2024-06-28T10:49:19.818+02:00&amp#27;[0;39m &amp#27;[33m WARN&amp#27;[0;39m &amp#27;[35m84884&amp#27;[0;39m &amp#27;[2m---&amp#27;[0;39m &amp#27;[2m[demo] [           main]&amp#27;[0;39m &amp#27;[2m&amp#27;[0;39m&amp#27;[36mtrationDelegate$BeanPostProcessorChecker&amp#27;[0;39m &amp#27;[2m:&amp#27;[0;39m Bean 'zeebe.client-io.camunda.zeebe.spring.client.properties.ZeebeClientConfigurationProperties' of type [io.camunda.zeebe.spring.client.properties.ZeebeClientConfigurationProperties] is not eligible for getting processed by all BeanPostProcessors (for example: not eligible for auto-proxying). Is this bean getting eagerly injected into a currently created BeanPostProcessor [zeebeAnnotationProcessorRegistry]? Check the corresponding BeanPostProcessor declaration and its dependencies.
&amp#27;[2m2024-06-28T10:49:19.818+02:00&amp#27;[0;39m &amp#27;[33m WARN&amp#27;[0;39m &amp#27;[35m84884&amp#27;[0;39m &amp#27;[2m---&amp#27;[0;39m &amp#27;[2m[demo] [           main]&amp#27;[0;39m &amp#27;[2m&amp#27;[0;39m&amp#27;[36mtrationDelegate$BeanPostProcessorChecker&amp#27;[0;39m &amp#27;[2m:&amp#27;[0;39m Bean 'io.camunda.zeebe.spring.client.configuration.ZeebeClientAllAutoConfiguration' of type [io.camunda.zeebe.spring.client.configuration.ZeebeClientAllAutoConfiguration] is not eligible for getting processed by all BeanPostProcessors (for example: not eligible for auto-proxying). Is this bean getting eagerly injected into a currently created BeanPostProcessor [zeebeAnnotationProcessorRegistry]? Check the corresponding BeanPostProcessor declaration and its dependencies.
&amp#27;[2m2024-06-28T10:49:19.819+02:00&amp#27;[0;39m &amp#27;[33m WARN&amp#27;[0;39m &amp#27;[35m84884&amp#27;[0;39m &amp#27;[2m---&amp#27;[0;39m &amp#27;[2m[demo] [           main]&amp#27;[0;39m &amp#27;[2m&amp#27;[0;39m&amp#27;[36mtrationDelegate$BeanPostProcessorChecker&amp#27;[0;39m &amp#27;[2m:&amp#27;[0;39m Bean 'io.camunda.zeebe.spring.client.configuration.ExecutorServiceConfiguration' of type [io.camunda.zeebe.spring.client.configuration.ExecutorServiceConfiguration] is not eligible for getting processed by all BeanPostProcessors (for example: not eligible for auto-proxying). Is this bean getting eagerly injected into a currently created BeanPostProcessor [zeebeAnnotationProcessorRegistry]? Check the corresponding BeanPostProcessor declaration and its dependencies.
&amp#27;[2m2024-06-28T10:49:19.820+02:00&amp#27;[0;39m &amp#27;[33m WARN&amp#27;[0;39m &amp#27;[35m84884&amp#27;[0;39m &amp#27;[2m---&amp#27;[0;39m &amp#27;[2m[demo] [           main]&amp#27;[0;39m &amp#27;[2m&amp#27;[0;39m&amp#27;[36mtrationDelegate$BeanPostProcessorChecker&amp#27;[0;39m &amp#27;[2m:&amp#27;[0;39m Bean 'org.springframework.boot.actuate.autoconfigure.metrics.export.simple.SimpleMetricsExportAutoConfiguration' of type [org.springframework.boot.actuate.autoconfigure.metrics.export.simple.SimpleMetricsExportAutoConfiguration] is not eligible for getting processed by all BeanPostProcessors (for example: not eligible for auto-proxying). Is this bean getting eagerly injected into a currently created BeanPostProcessor [zeebeAnnotationProcessorRegistry]? Check the corresponding BeanPostProcessor declaration and its dependencies.
&amp#27;[2m2024-06-28T10:49:19.823+02:00&amp#27;[0;39m &amp#27;[33m WARN&amp#27;[0;39m &amp#27;[35m84884&amp#27;[0;39m &amp#27;[2m---&amp#27;[0;39m &amp#27;[2m[demo] [           main]&amp#27;[0;39m &amp#27;[2m&amp#27;[0;39m&amp#27;[36mtrationDelegate$BeanPostProcessorChecker&amp#27;[0;39m &amp#27;[2m:&amp#27;[0;39m Bean 'management.simple.metrics.export-org.springframework.boot.actuate.autoconfigure.metrics.export.simple.SimpleProperties' of type [org.springframework.boot.actuate.autoconfigure.metrics.export.simple.SimpleProperties] is not eligible for getting processed by all BeanPostProcessors (for example: not eligible for auto-proxying). Is this bean getting eagerly injected into a currently created BeanPostProcessor [zeebeAnnotationProcessorRegistry]? Check the corresponding BeanPostProcessor declaration and its dependencies.
&amp#27;[2m2024-06-28T10:49:19.824+02:00&amp#27;[0;39m &amp#27;[33m WARN&amp#27;[0;39m &amp#27;[35m84884&amp#27;[0;39m &amp#27;[2m---&amp#27;[0;39m &amp#27;[2m[demo] [           main]&amp#27;[0;39m &amp#27;[2m&amp#27;[0;39m&amp#27;[36mtrationDelegate$BeanPostProcessorChecker&amp#27;[0;39m &amp#27;[2m:&amp#27;[0;39m Bean 'simpleConfig' of type [org.springframework.boot.actuate.autoconfigure.metrics.export.simple.SimplePropertiesConfigAdapter] is not eligible for getting processed by all BeanPostProcessors (for example: not eligible for auto-proxying). Is this bean getting eagerly injected into a currently created BeanPostProcessor [zeebeAnnotationProcessorRegistry]? Check the corresponding BeanPostProcessor declaration and its dependencies.
&amp#27;[2m2024-06-28T10:49:19.825+02:00&amp#27;[0;39m &amp#27;[33m WARN&amp#27;[0;39m &amp#27;[35m84884&amp#27;[0;39m &amp#27;[2m---&amp#27;[0;39m &amp#27;[2m[demo] [           main]&amp#27;[0;39m &amp#27;[2m&amp#27;[0;39m&amp#27;[36mtrationDelegate$BeanPostProcessorChecker&amp#27;[0;39m &amp#27;[2m:&amp#27;[0;39m Bean 'org.springframework.boot.actuate.autoconfigure.metrics.MetricsAutoConfiguration' of type [org.springframework.boot.actuate.autoconfigure.metrics.MetricsAutoConfiguration] is not eligible for getting processed by all BeanPostProcessors (for example: not eligible for auto-proxying). Is this bean getting eagerly injected into a currently created BeanPostProcessor [zeebeAnnotationProcessorRegistry]? Check the corresponding BeanPostProcessor declaration and its dependencies.
&amp#27;[2m2024-06-28T10:49:19.825+02:00&amp#27;[0;39m &amp#27;[33m WARN&amp#27;[0;39m &amp#27;[35m84884&amp#27;[0;39m &amp#27;[2m---&amp#27;[0;39m &amp#27;[2m[demo] [           main]&amp#27;[0;39m &amp#27;[2m&amp#27;[0;39m&amp#27;[36mtrationDelegate$BeanPostProcessorChecker&amp#27;[0;39m &amp#27;[2m:&amp#27;[0;39m Bean 'micrometerClock' of type [io.micrometer.core.instrument.Clock$1] is not eligible for getting processed by all BeanPostProcessors (for example: not eligible for auto-proxying). Is this bean getting eagerly injected into a currently created BeanPostProcessor [zeebeAnnotationProcessorRegistry]? Check the corresponding BeanPostProcessor declaration and its dependencies.
&amp#27;[2m2024-06-28T10:49:19.834+02:00&amp#27;[0;39m &amp#27;[33m WARN&amp#27;[0;39m &amp#27;[35m84884&amp#27;[0;39m &amp#27;[2m---&amp#27;[0;39m &amp#27;[2m[demo] [           main]&amp#27;[0;39m &amp#27;[2m&amp#27;[0;39m&amp#27;[36mtrationDelegate$BeanPostProcessorChecker&amp#27;[0;39m &amp#27;[2m:&amp#27;[0;39m Bean 'simpleMeterRegistry' of type [io.micrometer.core.instrument.simple.SimpleMeterRegistry] is not eligible for getting processed by all BeanPostProcessors (for example: not eligible for auto-proxying). Is this bean getting eagerly injected into a currently created BeanPostProcessor [zeebeAnnotationProcessorRegistry]? Check the corresponding BeanPostProcessor declaration and its dependencies.
&amp#27;[2m2024-06-28T10:49:19.837+02:00&amp#27;[0;39m &amp#27;[33m WARN&amp#27;[0;39m &amp#27;[35m84884&amp#27;[0;39m &amp#27;[2m---&amp#27;[0;39m &amp#27;[2m[demo] [           main]&amp#27;[0;39m &amp#27;[2m&amp#27;[0;39m&amp#27;[36mtrationDelegate$BeanPostProcessorChecker&amp#27;[0;39m &amp#27;[2m:&amp#27;[0;39m Bean 'zeebeClientThreadPool' of type [io.camunda.zeebe.spring.client.jobhandling.ZeebeClientExecutorService] is not eligible for getting processed by all BeanPostProcessors (for example: not eligible for auto-proxying). Is this bean getting eagerly injected into a currently created BeanPostProcessor [zeebeAnnotationProcessorRegistry]? Check the corresponding BeanPostProcessor declaration and its dependencies.
&amp#27;[2m2024-06-28T10:49:19.839+02:00&amp#27;[0;39m &amp#27;[33m WARN&amp#27;[0;39m &amp#27;[35m84884&amp#27;[0;39m &amp#27;[2m---&amp#27;[0;39m &amp#27;[2m[demo] [           main]&amp#27;[0;39m &amp#27;[2m&amp#27;[0;39m&amp#27;[36mtrationDelegate$BeanPostProcessorChecker&amp#27;[0;39m &amp#27;[2m:&amp#27;[0;39m Bean 'commandExceptionHandlingStrategy' of type [io.camunda.zeebe.spring.client.jobhandling.DefaultCommandExceptionHandlingStrategy] is not eligible for getting processed by all BeanPostProcessors (for example: not eligible for auto-proxying). Is this bean getting eagerly injected into a currently created BeanPostProcessor [zeebeAnnotationProcessorRegistry]? Check the corresponding BeanPostProcessor declaration and its dependencies.
&amp#27;[2m2024-06-28T10:49:19.840+02:00&amp#27;[0;39m &amp#27;[33m WARN&amp#27;[0;39m &amp#27;[35m84884&amp#27;[0;39m &amp#27;[2m---&amp#27;[0;39m &amp#27;[2m[demo] [           main]&amp#27;[0;39m &amp#27;[2m&amp#27;[0;39m&amp#27;[36mtrationDelegate$BeanPostProcessorChecker&amp#27;[0;39m &amp#27;[2m:&amp#27;[0;39m Bean 'io.camunda.zeebe.spring.client.CamundaAutoConfiguration' of type [io.camunda.zeebe.spring.client.CamundaAutoConfiguration$$SpringCGLIB$$0] is not eligible for getting processed by all BeanPostProcessors (for example: not eligible for auto-proxying). Is this bean getting eagerly injected into a currently created BeanPostProcessor [zeebeAnnotationProcessorRegistry]? Check the corresponding BeanPostProcessor declaration and its dependencies.
&amp#27;[2m2024-06-28T10:49:19.841+02:00&amp#27;[0;39m &amp#27;[33m WARN&amp#27;[0;39m &amp#27;[35m84884&amp#27;[0;39m &amp#27;[2m---&amp#27;[0;39m &amp#27;[2m[demo] [           main]&amp#27;[0;39m &amp#27;[2m&amp#27;[0;39m&amp#27;[36mtrationDelegate$BeanPostProcessorChecker&amp#27;[0;39m &amp#27;[2m:&amp#27;[0;39m Bean 'io.camunda.connector.runtime.OutboundConnectorsAutoConfiguration' of type [io.camunda.connector.runtime.OutboundConnectorsAutoConfiguration] is not eligible for getting processed by all BeanPostProcessors (for example: not eligible for auto-proxying). Is this bean getting eagerly injected into a currently created BeanPostProcessor [zeebeAnnotationProcessorRegistry]? Check the corresponding BeanPostProcessor declaration and its dependencies.
&amp#27;[2m2024-06-28T10:49:19.932+02:00&amp#27;[0;39m &amp#27;[32m INFO&amp#27;[0;39m &amp#27;[35m84884&amp#27;[0;39m &amp#27;[2m---&amp#27;[0;39m &amp#27;[2m[demo] [           main]&amp#27;[0;39m &amp#27;[2m&amp#27;[0;39m&amp#27;[36morg.camunda.feel.FeelEngine             &amp#27;[0;39m &amp#27;[2m:&amp#27;[0;39m Engine created. [value-mapper: CompositeValueMapper(List(org.camunda.feel.impl.JavaValueMapper@6e02721d)), function-provider: io.camunda.connector.feel.FeelConnectorFunctionProvider@4cc01c7f, clock: SystemClock, configuration: {externalFunctionsEnabled: false}]
&amp#27;[2m2024-06-28T10:49:20.002+02:00&amp#27;[0;39m &amp#27;[32m INFO&amp#27;[0;39m &amp#27;[35m84884&amp#27;[0;39m &amp#27;[2m---&amp#27;[0;39m &amp#27;[2m[demo] [           main]&amp#27;[0;39m &amp#27;[2m&amp#27;[0;39m&amp#27;[36morg.camunda.feel.FeelEngine             &amp#27;[0;39m &amp#27;[2m:&amp#27;[0;39m Engine created. [value-mapper: CompositeValueMapper(List(org.camunda.feel.impl.JavaValueMapper@50211483)), function-provider: io.camunda.connector.feel.FeelConnectorFunctionProvider@51ff3c4b, clock: SystemClock, configuration: {externalFunctionsEnabled: false}]
&amp#27;[2m2024-06-28T10:49:20.008+02:00&amp#27;[0;39m &amp#27;[33m WARN&amp#27;[0;39m &amp#27;[35m84884&amp#27;[0;39m &amp#27;[2m---&amp#27;[0;39m &amp#27;[2m[demo] [           main]&amp#27;[0;39m &amp#27;[2m&amp#27;[0;39m&amp#27;[36mtrationDelegate$BeanPostProcessorChecker&amp#27;[0;39m &amp#27;[2m:&amp#27;[0;39m Bean 'objectMapper' of type [com.fasterxml.jackson.databind.json.JsonMapper] is not eligible for getting processed by all BeanPostProcessors (for example: not eligible for auto-proxying). Is this bean getting eagerly injected into a currently created BeanPostProcessor [zeebeAnnotationProcessorRegistry]? Check the corresponding BeanPostProcessor declaration and its dependencies.
&amp#27;[2m2024-06-28T10:49:20.009+02:00&amp#27;[0;39m &amp#27;[33m WARN&amp#27;[0;39m &amp#27;[35m84884&amp#27;[0;39m &amp#27;[2m---&amp#27;[0;39m &amp#27;[2m[demo] [           main]&amp#27;[0;39m &amp#27;[2m&amp#27;[0;39m&amp#27;[36mtrationDelegate$BeanPostProcessorChecker&amp#27;[0;39m &amp#27;[2m:&amp#27;[0;39m Bean 'zeebeJsonMapper' of type [io.camunda.zeebe.client.impl.ZeebeObjectMapper] is not eligible for getting processed by all BeanPostProcessors (for example: not eligible for auto-proxying). Is this bean getting eagerly injected into a currently created BeanPostProcessor [zeebeAnnotationProcessorRegistry]? Check the corresponding BeanPostProcessor declaration and its dependencies.
&amp#27;[2m2024-06-28T10:49:20.010+02:00&amp#27;[0;39m &amp#27;[33m WARN&amp#27;[0;39m &amp#27;[35m84884&amp#27;[0;39m &amp#27;[2m---&amp#27;[0;39m &amp#27;[2m[demo] [           main]&amp#27;[0;39m &amp#27;[2m&amp#27;[0;39m&amp#27;[36mtrationDelegate$BeanPostProcessorChecker&amp#27;[0;39m &amp#27;[2m:&amp#27;[0;39m Bean 'io.camunda.zeebe.spring.client.configuration.ZeebeActuatorConfiguration' of type [io.camunda.zeebe.spring.client.configuration.ZeebeActuatorConfiguration] is not eligible for getting processed by all BeanPostProcessors (for example: not eligible for auto-proxying). Is this bean getting eagerly injected into a currently created BeanPostProcessor [zeebeAnnotationProcessorRegistry]? Check the corresponding BeanPostProcessor declaration and its dependencies.
&amp#27;[2m2024-06-28T10:49:20.019+02:00&amp#27;[0;39m &amp#27;[32m INFO&amp#27;[0;39m &amp#27;[35m84884&amp#27;[0;39m &amp#27;[2m---&amp#27;[0;39m &amp#27;[2m[demo] [           main]&amp#27;[0;39m &amp#27;[2m&amp#27;[0;39m&amp#27;[36mi.c.z.s.c.a.MicrometerMetricsRecorder   &amp#27;[0;39m &amp#27;[2m:&amp#27;[0;39m Enabling Micrometer based metrics for spring-zeebe (available via Actuator)
&amp#27;[2m2024-06-28T10:49:20.020+02:00&amp#27;[0;39m &amp#27;[33m WARN&amp#27;[0;39m &amp#27;[35m84884&amp#27;[0;39m &amp#27;[2m---&amp#27;[0;39m &amp#27;[2m[demo] [           main]&amp#27;[0;39m &amp#27;[2m&amp#27;[0;39m&amp#27;[36mtrationDelegate$BeanPostProcessorChecker&amp#27;[0;39m &amp#27;[2m:&amp#27;[0;39m Bean 'micrometerMetricsRecorder' of type [io.camunda.zeebe.spring.client.actuator.MicrometerMetricsRecorder] is not eligible for getting processed by all BeanPostProcessors (for example: not eligible for auto-proxying). Is this bean getting eagerly injected into a currently created BeanPostProcessor [zeebeAnnotationProcessorRegistry]? Check the corresponding BeanPostProcessor declaration and its dependencies.
&amp#27;[2m2024-06-28T10:49:20.021+02:00&amp#27;[0;39m &amp#27;[33m WARN&amp#27;[0;39m &amp#27;[35m84884&amp#27;[0;39m &amp#27;[2m---&amp#27;[0;39m &amp#27;[2m[demo] [           main]&amp#27;[0;39m &amp#27;[2m&amp#27;[0;39m&amp#27;[36mtrationDelegate$BeanPostProcessorChecker&amp#27;[0;39m &amp#27;[2m:&amp#27;[0;39m Bean 'jobWorkerManager' of type [io.camunda.zeebe.spring.client.jobhandling.JobWorkerManager] is not eligible for getting processed by all BeanPostProcessors (for example: not eligible for auto-proxying). Is this bean getting eagerly injected into a currently created BeanPostProcessor [zeebeAnnotationProcessorRegistry]? Check the corresponding BeanPostProcessor declaration and its dependencies.
&amp#27;[2m2024-06-28T10:49:20.025+02:00&amp#27;[0;39m &amp#27;[33m WARN&amp#27;[0;39m &amp#27;[35m84884&amp#27;[0;39m &amp#27;[2m---&amp#27;[0;39m &amp#27;[2m[demo] [           main]&amp#27;[0;39m &amp#27;[2m&amp#27;[0;39m&amp#27;[36mtrationDelegate$BeanPostProcessorChecker&amp#27;[0;39m &amp#27;[2m:&amp#27;[0;39m Bean 'outboundConnectorFactory' of type [io.camunda.connector.runtime.core.outbound.DefaultOutboundConnectorFactory] is not eligible for getting processed by all BeanPostProcessors (for example: not eligible for auto-proxying). Is this bean getting eagerly injected into a currently created BeanPostProcessor [zeebeAnnotationProcessorRegistry]? Check the corresponding BeanPostProcessor declaration and its dependencies.
&amp#27;[2m2024-06-28T10:49:20.026+02:00&amp#27;[0;39m &amp#27;[32m INFO&amp#27;[0;39m &amp#27;[35m84884&amp#27;[0;39m &amp#27;[2m---&amp#27;[0;39m &amp#27;[2m[demo] [           main]&amp#27;[0;39m &amp#27;[2m&amp#27;[0;39m&amp#27;[36m.c.c.r.e.SpringEnvironmentSecretProvider&amp#27;[0;39m &amp#27;[2m:&amp#27;[0;39m No prefix has been configured, all environment variables are available as connector secrets
&amp#27;[2m2024-06-28T10:49:20.026+02:00&amp#27;[0;39m &amp#27;[33m WARN&amp#27;[0;39m &amp#27;[35m84884&amp#27;[0;39m &amp#27;[2m---&amp#27;[0;39m &amp#27;[2m[demo] [           main]&amp#27;[0;39m &amp#27;[2m&amp#27;[0;39m&amp#27;[36mtrationDelegate$BeanPostProcessorChecker&amp#27;[0;39m &amp#27;[2m:&amp#27;[0;39m Bean 'defaultSecretProvider' of type [io.camunda.connector.runtime.env.SpringEnvironmentSecretProvider] is not eligible for getting processed by all BeanPostProcessors (for example: not eligible for auto-proxying). Is this bean getting eagerly injected into a currently created BeanPostProcessor [zeebeAnnotationProcessorRegistry]? Check the corresponding BeanPostProcessor declaration and its dependencies.
&amp#27;[2m2024-06-28T10:49:20.027+02:00&amp#27;[0;39m &amp#27;[33m WARN&amp#27;[0;39m &amp#27;[35m84884&amp#27;[0;39m &amp#27;[2m---&amp#27;[0;39m &amp#27;[2m[demo] [           main]&amp#27;[0;39m &amp#27;[2m&amp#27;[0;39m&amp#27;[36mtrationDelegate$BeanPostProcessorChecker&amp#27;[0;39m &amp#27;[2m:&amp#27;[0;39m Bean 'springSecretProviderAggregator' of type [io.camunda.connector.runtime.core.secret.SecretProviderAggregator] is not eligible for getting processed by all BeanPostProcessors (for example: not eligible for auto-proxying). Is this bean getting eagerly injected into a currently created BeanPostProcessor [zeebeAnnotationProcessorRegistry]? Check the corresponding BeanPostProcessor declaration and its dependencies.
&amp#27;[2m2024-06-28T10:49:20.029+02:00&amp#27;[0;39m &amp#27;[33m WARN&amp#27;[0;39m &amp#27;[35m84884&amp#27;[0;39m &amp#27;[2m---&amp#27;[0;39m &amp#27;[2m[demo] [           main]&amp#27;[0;39m &amp#27;[2m&amp#27;[0;39m&amp#27;[36mtrationDelegate$BeanPostProcessorChecker&amp#27;[0;39m &amp#27;[2m:&amp#27;[0;39m Bean 'outboundConnectorManager' of type [io.camunda.connector.runtime.outbound.lifecycle.OutboundConnectorManager] is not eligible for getting processed by all BeanPostProcessors (for example: not eligible for auto-proxying). Is this bean getting eagerly injected into a currently created BeanPostProcessor [zeebeAnnotationProcessorRegistry]? Check the corresponding BeanPostProcessor declaration and its dependencies.
&amp#27;[2m2024-06-28T10:49:20.030+02:00&amp#27;[0;39m &amp#27;[33m WARN&amp#27;[0;39m &amp#27;[35m84884&amp#27;[0;39m &amp#27;[2m---&amp#27;[0;39m &amp#27;[2m[demo] [           main]&amp#27;[0;39m &amp#27;[2m&amp#27;[0;39m&amp#27;[36mtrationDelegate$BeanPostProcessorChecker&amp#27;[0;39m &amp#27;[2m:&amp#27;[0;39m Bean 'annotationProcessor' of type [io.camunda.connector.runtime.outbound.lifecycle.OutboundConnectorAnnotationProcessor] is not eligible for getting processed by all BeanPostProcessors (for example: not eligible for auto-proxying). Is this bean getting eagerly injected into a currently created BeanPostProcessor [zeebeAnnotationProcessorRegistry]? Check the corresponding BeanPostProcessor declaration and its dependencies.
&amp#27;[2m2024-06-28T10:49:20.030+02:00&amp#27;[0;39m &amp#27;[33m WARN&amp#27;[0;39m &amp#27;[35m84884&amp#27;[0;39m &amp#27;[2m---&amp#27;[0;39m &amp#27;[2m[demo] [           main]&amp#27;[0;39m &amp#27;[2m&amp#27;[0;39m&amp#27;[36mtrationDelegate$BeanPostProcessorChecker&amp#27;[0;39m &amp#27;[2m:&amp#27;[0;39m Bean 'deploymentPostProcessor' of type [io.camunda.zeebe.spring.client.annotation.processor.ZeebeDeploymentAnnotationProcessor] is not eligible for getting processed by all BeanPostProcessors (for example: not eligible for auto-proxying). Is this bean getting eagerly injected into a currently created BeanPostProcessor [zeebeAnnotationProcessorRegistry]? Check the corresponding BeanPostProcessor declaration and its dependencies.
&amp#27;[2m2024-06-28T10:49:20.031+02:00&amp#27;[0;39m &amp#27;[33m WARN&amp#27;[0;39m &amp#27;[35m84884&amp#27;[0;39m &amp#27;[2m---&amp#27;[0;39m &amp#27;[2m[demo] [           main]&amp#27;[0;39m &amp#27;[2m&amp#27;[0;39m&amp#27;[36mtrationDelegate$BeanPostProcessorChecker&amp#27;[0;39m &amp#27;[2m:&amp#27;[0;39m Bean 'propertyBasedZeebeWorkerValueCustomizer' of type [io.camunda.zeebe.spring.client.properties.PropertyBasedZeebeWorkerValueCustomizer] is not eligible for getting processed by all BeanPostProcessors (for example: not eligible for auto-proxying). Is this bean getting eagerly injected into a currently created BeanPostProcessor [zeebeAnnotationProcessorRegistry]? Check the corresponding BeanPostProcessor declaration and its dependencies.
&amp#27;[2m2024-06-28T10:49:20.032+02:00&amp#27;[0;39m &amp#27;[33m WARN&amp#27;[0;39m &amp#27;[35m84884&amp#27;[0;39m &amp#27;[2m---&amp#27;[0;39m &amp#27;[2m[demo] [           main]&amp#27;[0;39m &amp#27;[2m&amp#27;[0;39m&amp#27;[36mtrationDelegate$BeanPostProcessorChecker&amp#27;[0;39m &amp#27;[2m:&amp#27;[0;39m Bean 'zeebeWorkerPostProcessor' of type [io.camunda.zeebe.spring.client.annotation.processor.ZeebeWorkerAnnotationProcessor] is not eligible for getting processed by all BeanPostProcessors (for example: not eligible for auto-proxying). Is this bean getting eagerly injected into a currently created BeanPostProcessor [zeebeAnnotationProcessorRegistry]? Check the corresponding BeanPostProcessor declaration and its dependencies.
&amp#27;[2m2024-06-28T10:49:20.032+02:00&amp#27;[0;39m &amp#27;[33m WARN&amp#27;[0;39m &amp#27;[35m84884&amp#27;[0;39m &amp#27;[2m---&amp#27;[0;39m &amp#27;[2m[demo] [           main]&amp#27;[0;39m &amp#27;[2m&amp#27;[0;39m&amp#27;[36mtrationDelegate$BeanPostProcessorChecker&amp#27;[0;39m &amp#27;[2m:&amp#27;[0;39m Bean 'io.camunda.connector.runtime.inbound.InboundConnectorRuntimeConfiguration' of type [io.camunda.connector.runtime.inbound.InboundConnectorRuntimeConfiguration$$SpringCGLIB$$0] is not eligible for getting processed by all BeanPostProcessors (for example: not eligible for auto-proxying). Is this bean getting eagerly injected into a currently created BeanPostProcessor [zeebeAnnotationProcessorRegistry]? Check the corresponding BeanPostProcessor declaration and its dependencies.
&amp#27;[2m2024-06-28T10:49:20.033+02:00&amp#27;[0;39m &amp#27;[33m WARN&amp#27;[0;39m &amp#27;[35m84884&amp#27;[0;39m &amp#27;[2m---&amp#27;[0;39m &amp#27;[2m[demo] [           main]&amp#27;[0;39m &amp#27;[2m&amp#27;[0;39m&amp#27;[36mtrationDelegate$BeanPostProcessorChecker&amp#27;[0;39m &amp#27;[2m:&amp#27;[0;39m Bean 'io.camunda.connector.runtime.inbound.lifecycle.InboundConnectorLifecycleConfiguration' of type [io.camunda.connector.runtime.inbound.lifecycle.InboundConnectorLifecycleConfiguration$$SpringCGLIB$$0] is not eligible for getting processed by all BeanPostProcessors (for example: not eligible for auto-proxying). Is this bean getting eagerly injected into a currently created BeanPostProcessor [zeebeAnnotationProcessorRegistry]? Check the corresponding BeanPostProcessor declaration and its dependencies.
&amp#27;[2m2024-06-28T10:49:20.034+02:00&amp#27;[0;39m &amp#27;[33m WARN&amp#27;[0;39m &amp#27;[35m84884&amp#27;[0;39m &amp#27;[2m---&amp#27;[0;39m &amp#27;[2m[demo] [           main]&amp#27;[0;39m &amp#27;[2m&amp#27;[0;39m&amp#27;[36mc.c.r.c.i.DefaultInboundConnectorFactory&amp#27;[0;39m &amp#27;[2m:&amp#27;[0;39m No inbound connectors discovered
&amp#27;[2m2024-06-28T10:49:20.034+02:00&amp#27;[0;39m &amp#27;[33m WARN&amp#27;[0;39m &amp#27;[35m84884&amp#27;[0;39m &amp#27;[2m---&amp#27;[0;39m &amp#27;[2m[demo] [           main]&amp#27;[0;39m &amp#27;[2m&amp#27;[0;39m&amp#27;[36mtrationDelegate$BeanPostProcessorChecker&amp#27;[0;39m &amp#27;[2m:&amp#27;[0;39m Bean 'springInboundConnectorFactory' of type [io.camunda.connector.runtime.core.inbound.DefaultInboundConnectorFactory] is not eligible for getting processed by all BeanPostProcessors (for example: not eligible for auto-proxying). Is this bean getting eagerly injected into a currently created BeanPostProcessor [zeebeAnnotationProcessorRegistry]? Check the corresponding BeanPostProcessor declaration and its dependencies.
&amp#27;[2m2024-06-28T10:49:20.034+02:00&amp#27;[0;39m &amp#27;[33m WARN&amp#27;[0;39m &amp#27;[35m84884&amp#27;[0;39m &amp#27;[2m---&amp#27;[0;39m &amp#27;[2m[demo] [           main]&amp#27;[0;39m &amp#27;[2m&amp#27;[0;39m&amp#27;[36mtrationDelegate$BeanPostProcessorChecker&amp#27;[0;39m &amp#27;[2m:&amp#27;[0;39m Bean 'inboundConnectorAnnotationProcessor' of type [io.camunda.connector.runtime.inbound.lifecycle.InboundConnectorAnnotationProcessor] is not eligible for getting processed by all BeanPostProcessors (for example: not eligible for auto-proxying). Is this bean getting eagerly injected into a currently created BeanPostProcessor [zeebeAnnotationProcessorRegistry]? Check the corresponding BeanPostProcessor declaration and its dependencies.
&amp#27;[2m2024-06-28T10:49:20.202+02:00&amp#27;[0;39m &amp#27;[32m INFO&amp#27;[0;39m &amp#27;[35m84884&amp#27;[0;39m &amp#27;[2m---&amp#27;[0;39m &amp#27;[2m[demo] [           main]&amp#27;[0;39m &amp#27;[2m&amp#27;[0;39m&amp#27;[36mz.s.c.c.ZeebeClientProdAutoConfiguration&amp#27;[0;39m &amp#27;[2m:&amp#27;[0;39m Creating ZeebeClient using ZeebeClientConfiguration [io.camunda.zeebe.spring.client.configuration.ZeebeClientConfiguration@4cd7d5e1]
&amp#27;[2m2024-06-28T10:49:20.519+02:00&amp#27;[0;39m &amp#27;[32m INFO&amp#27;[0;39m &amp#27;[35m84884&amp#27;[0;39m &amp#27;[2m---&amp#27;[0;39m &amp#27;[2m[demo] [           main]&amp#27;[0;39m &amp#27;[2m&amp#27;[0;39m&amp#27;[36morg.camunda.feel.FeelEngine             &amp#27;[0;39m &amp#27;[2m:&amp#27;[0;39m Engine created. [value-mapper: CompositeValueMapper(List(org.camunda.feel.impl.JavaValueMapper@60ab895f)), function-provider: io.camunda.connector.feel.FeelConnectorFunctionProvider@295f2d1b, clock: SystemClock, configuration: {externalFunctionsEnabled: false}]
&amp#27;[2m2024-06-28T10:49:20.641+02:00&amp#27;[0;39m &amp#27;[32m INFO&amp#27;[0;39m &amp#27;[35m84884&amp#27;[0;39m &amp#27;[2m---&amp#27;[0;39m &amp#27;[2m[demo] [           main]&amp#27;[0;39m &amp#27;[2m&amp#27;[0;39m&amp#27;[36morg.ehcache.core.EhcacheManager         &amp#27;[0;39m &amp#27;[2m:&amp#27;[0;39m Cache 'tokenCache' created in EhcacheManager.
&amp#27;[2m2024-06-28T10:49:20.725+02:00&amp#27;[0;39m &amp#27;[32m INFO&amp#27;[0;39m &amp#27;[35m84884&amp#27;[0;39m &amp#27;[2m---&amp#27;[0;39m &amp#27;[2m[demo] [           main]&amp#27;[0;39m &amp#27;[2m&amp#27;[0;39m&amp#27;[36mo.s.b.a.e.web.EndpointLinksResolver     &amp#27;[0;39m &amp#27;[2m:&amp#27;[0;39m Exposing 1 endpoint(s) beneath base path '/actuator'
&amp#27;[2m2024-06-28T10:49:20.751+02:00&amp#27;[0;39m &amp#27;[32m INFO&amp#27;[0;39m &amp#27;[35m84884&amp#27;[0;39m &amp#27;[2m---&amp#27;[0;39m &amp#27;[2m[demo] [           main]&amp#27;[0;39m &amp#27;[2m&amp#27;[0;39m&amp#27;[36morg.camunda.feel.FeelEngine             &amp#27;[0;39m &amp#27;[2m:&amp#27;[0;39m Engine created. [value-mapper: CompositeValueMapper(List(org.camunda.feel.impl.JavaValueMapper@55cb3b7)), function-provider: io.camunda.connector.feel.FeelConnectorFunctionProvider@497fd334, clock: SystemClock, configuration: {externalFunctionsEnabled: false}]
&amp#27;[2m2024-06-28T10:49:20.755+02:00&amp#27;[0;39m &amp#27;[32m INFO&amp#27;[0;39m &amp#27;[35m84884&amp#27;[0;39m &amp#27;[2m---&amp#27;[0;39m &amp#27;[2m[demo] [           main]&amp#27;[0;39m &amp#27;[2m&amp#27;[0;39m&amp#27;[36mi.c.z.s.c.jobhandling.JobWorkerManager  &amp#27;[0;39m &amp#27;[2m:&amp#27;[0;39m . Starting Zeebe worker: ZeebeWorkerValue{type='com.infosys.camundaconnectors.docusign:docusign:1', name='DocuSign', timeout=null, maxJobsActive=null, requestTimeout=null, pollInterval=null, autoComplete=true, fetchVariables=[authentication, operation, data], enabled=null, methodInfo=null}
&amp#27;[2m2024-06-28T10:49:20.769+02:00&amp#27;[0;39m &amp#27;[32m INFO&amp#27;[0;39m &amp#27;[35m84884&amp#27;[0;39m &amp#27;[2m---&amp#27;[0;39m &amp#27;[2m[demo] [           main]&amp#27;[0;39m &amp#27;[2m&amp#27;[0;39m&amp#27;[36mcom.example.demo.DemoApplicationTests   &amp#27;[0;39m &amp#27;[2m:&amp#27;[0;39m Started DemoApplicationTests in 1.581 seconds (process running for 1.987)
&amp#27;[2m2024-06-28T10:49:21.216+02:00&amp#27;[0;39m &amp#27;[33m WARN&amp#27;[0;39m &amp#27;[35m84884&amp#27;[0;39m &amp#27;[2m---&amp#27;[0;39m &amp#27;[2m[demo] [ault-executor-2]&amp#27;[0;39m &amp#27;[2m&amp#27;[0;39m&amp#27;[36mio.camunda.zeebe.client.job.poller      &amp#27;[0;39m &amp#27;[2m:&amp#27;[0;39m Failed to activate jobs for worker DocuSign and job type com.infosys.camundaconnectors.docusign:docusign:1

io.grpc.StatusRuntimeException: CANCELLED
	at io.grpc.Status.asRuntimeException(Status.java:537)
	at io.grpc.stub.ClientCalls$StreamObserverToCallListenerAdapter.onClose(ClientCalls.java:481)
	at io.grpc.internal.DelayedClientCall$DelayedListener$3.run(DelayedClientCall.java:489)
	at io.grpc.internal.DelayedClientCall$DelayedListener.delayOrExecute(DelayedClientCall.java:453)
	at io.grpc.internal.DelayedClientCall$DelayedListener.onClose(DelayedClientCall.java:486)
	at io.grpc.internal.ClientCallImpl.closeObserver(ClientCallImpl.java:574)
	at io.grpc.internal.ClientCallImpl.access$300(ClientCallImpl.java:72)
	at io.grpc.internal.ClientCallImpl$ClientStreamListenerImpl$1StreamClosed.runInternal(ClientCallImpl.java:742)
	at io.grpc.internal.ClientCallImpl$ClientStreamListenerImpl$1StreamClosed.runInContext(ClientCallImpl.java:723)
	at io.grpc.internal.ContextRunnable.run(ContextRunnable.java:37)
	at io.grpc.internal.SerializingExecutor.run(SerializingExecutor.java:133)
	at java.base/java.util.concurrent.ThreadPoolExecutor.runWorker(ThreadPoolExecutor.java:1144)
	at java.base/java.util.concurrent.ThreadPoolExecutor$Worker.run(ThreadPoolExecutor.java:642)
	at java.base/java.lang.Thread.run(Thread.java:1570)
Caused by: java.io.IOException: Failed while requesting access token with status code 401 and message Unauthorized.
	at io.camunda.zeebe.client.impl.oauth.OAuthCredentialsProvider.fetchCredentials(OAuthCredentialsProvider.java:162)
	at io.camunda.zeebe.client.impl.oauth.OAuthCredentialsCache.computeIfMissingOrInvalid(OAuthCredentialsCache.java:100)
	at io.camunda.zeebe.client.impl.oauth.OAuthCredentialsProvider.applyCredentials(OAuthCredentialsProvider.java:84)
	at io.camunda.zeebe.client.impl.ZeebeCallCredentials.lambda$applyRequestMetadata$0(ZeebeCallCredentials.java:48)
	... 3 common frames omitted

]]></system-out>
    <system-err><![CDATA[WARNING: A Java agent has been loaded dynamically (/Users/william.marcq/.m2/repository/net/bytebuddy/byte-buddy-agent/1.14.12/byte-buddy-agent-1.14.12.jar)
WARNING: If a serviceability tool is in use, please run with -XX:+EnableDynamicAgentLoading to hide this warning
WARNING: If a serviceability tool is not in use, please run with -Djdk.instrument.traceUsage for more information
WARNING: Dynamic loading of agents will be disallowed by default in a future release
]]></system-err>
  </testcase>
</testsuite>